<?xml version="1.0" encoding="UTF-8"?>
<!-- Generated by org.testng.reporters.JUnitReportReporter -->
<testsuite skipped="0" hostname="Raja" name="test.CheckStatus" tests="1" failures="0" timestamp="2021-05-05T13:52:56 IST" time="119.748" errors="0">
  <testcase name="sendMailStatus" time="119.748" classname="test.CheckStatus"/>
  <system-out/>
</testsuite> <!-- test.CheckStatus -->
