<?xml version="1.0" encoding="UTF-8"?>
<!-- Generated by org.testng.reporters.JUnitReportReporter -->
<testsuite skipped="0" hostname="Raja" name="test.CheckStatus" tests="1" failures="0" timestamp="2021-05-04T00:36:39 IST" time="126.202" errors="0">
  <testcase name="sendMailStatus" time="126.202" classname="test.CheckStatus"/>
  <system-out/>
</testsuite> <!-- test.CheckStatus -->
